  Buffer.cpp
Q:\Github\GAME3135_FinalProject\FinalProject\include\glm\detail\type_vec2.hpp(66,1): warning C4201: nonstandard extension used: nameless struct/union
Q:\Github\GAME3135_FinalProject\FinalProject\include\glm\detail\type_vec2.hpp(229): message : see reference to class template instantiation 'glm::tvec2<T,P>' being compiled
Q:\Github\GAME3135_FinalProject\FinalProject\include\glm\detail\type_vec2.hpp(67,1): warning C4201: nonstandard extension used: nameless struct/union
Q:\Github\GAME3135_FinalProject\FinalProject\include\glm\detail\type_vec2.hpp(68,1): warning C4201: nonstandard extension used: nameless struct/union
Q:\Github\GAME3135_FinalProject\FinalProject\include\glm\detail\type_vec3.hpp(66,1): warning C4201: nonstandard extension used: nameless struct/union
Q:\Github\GAME3135_FinalProject\FinalProject\include\glm\detail\type_vec3.hpp(251): message : see reference to class template instantiation 'glm::tvec3<T,P>' being compiled
Q:\Github\GAME3135_FinalProject\FinalProject\include\glm\detail\type_vec3.hpp(67,1): warning C4201: nonstandard extension used: nameless struct/union
Q:\Github\GAME3135_FinalProject\FinalProject\include\glm\detail\type_vec3.hpp(68,1): warning C4201: nonstandard extension used: nameless struct/union
Q:\Github\GAME3135_FinalProject\FinalProject\include\glm\detail\type_vec4.hpp(120,1): warning C4201: nonstandard extension used: nameless struct/union
Q:\Github\GAME3135_FinalProject\FinalProject\include\glm\detail\type_vec4.hpp(350): message : see reference to class template instantiation 'glm::tvec4<T,P>' being compiled
Q:\Github\GAME3135_FinalProject\FinalProject\include\glm\detail\type_vec4.hpp(121,1): warning C4201: nonstandard extension used: nameless struct/union
Q:\Github\GAME3135_FinalProject\FinalProject\include\glm\detail\type_vec4.hpp(122,1): warning C4201: nonstandard extension used: nameless struct/union
  Image.cpp
  ImageFile.cpp
Q:\Github\GAME3135_FinalProject\FinalProject\include\glm\detail\type_vec2.hpp(66,1): warning C4201: nonstandard extension used: nameless struct/union
Q:\Github\GAME3135_FinalProject\FinalProject\include\glm\detail\type_vec2.hpp(229): message : see reference to class template instantiation 'glm::tvec2<T,P>' being compiled
Q:\Github\GAME3135_FinalProject\FinalProject\include\glm\detail\type_vec2.hpp(67,1): warning C4201: nonstandard extension used: nameless struct/union
Q:\Github\GAME3135_FinalProject\FinalProject\include\glm\detail\type_vec2.hpp(68,1): warning C4201: nonstandard extension used: nameless struct/union
Q:\Github\GAME3135_FinalProject\FinalProject\include\glm\detail\type_vec3.hpp(66,1): warning C4201: nonstandard extension used: nameless struct/union
Q:\Github\GAME3135_FinalProject\FinalProject\include\glm\detail\type_vec3.hpp(251): message : see reference to class template instantiation 'glm::tvec3<T,P>' being compiled
Q:\Github\GAME3135_FinalProject\FinalProject\include\glm\detail\type_vec3.hpp(67,1): warning C4201: nonstandard extension used: nameless struct/union
Q:\Github\GAME3135_FinalProject\FinalProject\include\glm\detail\type_vec3.hpp(68,1): warning C4201: nonstandard extension used: nameless struct/union
Q:\Github\GAME3135_FinalProject\FinalProject\include\glm\detail\type_vec4.hpp(120,1): warning C4201: nonstandard extension used: nameless struct/union
Q:\Github\GAME3135_FinalProject\FinalProject\include\glm\detail\type_vec4.hpp(350): message : see reference to class template instantiation 'glm::tvec4<T,P>' being compiled
Q:\Github\GAME3135_FinalProject\FinalProject\include\glm\detail\type_vec4.hpp(121,1): warning C4201: nonstandard extension used: nameless struct/union
Q:\Github\GAME3135_FinalProject\FinalProject\include\glm\detail\type_vec4.hpp(122,1): warning C4201: nonstandard extension used: nameless struct/union
  main.cpp
Q:\Github\GAME3135_FinalProject\FinalProject\include\glm\detail\type_vec2.hpp(66,1): warning C4201: nonstandard extension used: nameless struct/union
Q:\Github\GAME3135_FinalProject\FinalProject\include\glm\detail\type_vec2.hpp(229): message : see reference to class template instantiation 'glm::tvec2<T,P>' being compiled
Q:\Github\GAME3135_FinalProject\FinalProject\include\glm\detail\type_vec2.hpp(67,1): warning C4201: nonstandard extension used: nameless struct/union
Q:\Github\GAME3135_FinalProject\FinalProject\include\glm\detail\type_vec2.hpp(68,1): warning C4201: nonstandard extension used: nameless struct/union
Q:\Github\GAME3135_FinalProject\FinalProject\include\glm\detail\type_vec3.hpp(66,1): warning C4201: nonstandard extension used: nameless struct/union
Q:\Github\GAME3135_FinalProject\FinalProject\include\glm\detail\type_vec3.hpp(251): message : see reference to class template instantiation 'glm::tvec3<T,P>' being compiled
Q:\Github\GAME3135_FinalProject\FinalProject\include\glm\detail\type_vec3.hpp(67,1): warning C4201: nonstandard extension used: nameless struct/union
Q:\Github\GAME3135_FinalProject\FinalProject\include\glm\detail\type_vec3.hpp(68,1): warning C4201: nonstandard extension used: nameless struct/union
Q:\Github\GAME3135_FinalProject\FinalProject\include\glm\detail\type_vec4.hpp(120,1): warning C4201: nonstandard extension used: nameless struct/union
Q:\Github\GAME3135_FinalProject\FinalProject\include\glm\detail\type_vec4.hpp(350): message : see reference to class template instantiation 'glm::tvec4<T,P>' being compiled
Q:\Github\GAME3135_FinalProject\FinalProject\include\glm\detail\type_vec4.hpp(121,1): warning C4201: nonstandard extension used: nameless struct/union
Q:\Github\GAME3135_FinalProject\FinalProject\include\glm\detail\type_vec4.hpp(122,1): warning C4201: nonstandard extension used: nameless struct/union
Q:\Github\GAME3135_FinalProject\FinalProject\SDL2 Template\main.cpp(165,118): warning C4100: 'seconds': unreferenced formal parameter
Q:\Github\GAME3135_FinalProject\FinalProject\SDL2 Template\main.cpp(170,3): warning C4100: 'lifetime': unreferenced formal parameter
Q:\Github\GAME3135_FinalProject\FinalProject\SDL2 Template\main.cpp(222,47): warning C4100: 'args': unreferenced formal parameter
  Mesh.cpp
Q:\Github\GAME3135_FinalProject\FinalProject\include\glm\detail\type_vec2.hpp(66,1): warning C4201: nonstandard extension used: nameless struct/union
Q:\Github\GAME3135_FinalProject\FinalProject\include\glm\detail\type_vec2.hpp(229): message : see reference to class template instantiation 'glm::tvec2<T,P>' being compiled
Q:\Github\GAME3135_FinalProject\FinalProject\include\glm\detail\type_vec2.hpp(67,1): warning C4201: nonstandard extension used: nameless struct/union
Q:\Github\GAME3135_FinalProject\FinalProject\include\glm\detail\type_vec2.hpp(68,1): warning C4201: nonstandard extension used: nameless struct/union
Q:\Github\GAME3135_FinalProject\FinalProject\include\glm\detail\type_vec3.hpp(66,1): warning C4201: nonstandard extension used: nameless struct/union
Q:\Github\GAME3135_FinalProject\FinalProject\include\glm\detail\type_vec3.hpp(251): message : see reference to class template instantiation 'glm::tvec3<T,P>' being compiled
Q:\Github\GAME3135_FinalProject\FinalProject\include\glm\detail\type_vec3.hpp(67,1): warning C4201: nonstandard extension used: nameless struct/union
Q:\Github\GAME3135_FinalProject\FinalProject\include\glm\detail\type_vec3.hpp(68,1): warning C4201: nonstandard extension used: nameless struct/union
Q:\Github\GAME3135_FinalProject\FinalProject\include\glm\detail\type_vec4.hpp(120,1): warning C4201: nonstandard extension used: nameless struct/union
Q:\Github\GAME3135_FinalProject\FinalProject\include\glm\detail\type_vec4.hpp(350): message : see reference to class template instantiation 'glm::tvec4<T,P>' being compiled
Q:\Github\GAME3135_FinalProject\FinalProject\include\glm\detail\type_vec4.hpp(121,1): warning C4201: nonstandard extension used: nameless struct/union
Q:\Github\GAME3135_FinalProject\FinalProject\include\glm\detail\type_vec4.hpp(122,1): warning C4201: nonstandard extension used: nameless struct/union
  MeshFile.cpp
Q:\Github\GAME3135_FinalProject\FinalProject\include\glm\detail\type_vec2.hpp(66,1): warning C4201: nonstandard extension used: nameless struct/union
Q:\Github\GAME3135_FinalProject\FinalProject\include\glm\detail\type_vec2.hpp(229): message : see reference to class template instantiation 'glm::tvec2<T,P>' being compiled
Q:\Github\GAME3135_FinalProject\FinalProject\include\glm\detail\type_vec2.hpp(67,1): warning C4201: nonstandard extension used: nameless struct/union
Q:\Github\GAME3135_FinalProject\FinalProject\include\glm\detail\type_vec2.hpp(68,1): warning C4201: nonstandard extension used: nameless struct/union
Q:\Github\GAME3135_FinalProject\FinalProject\include\glm\detail\type_vec3.hpp(66,1): warning C4201: nonstandard extension used: nameless struct/union
Q:\Github\GAME3135_FinalProject\FinalProject\include\glm\detail\type_vec3.hpp(251): message : see reference to class template instantiation 'glm::tvec3<T,P>' being compiled
Q:\Github\GAME3135_FinalProject\FinalProject\include\glm\detail\type_vec3.hpp(67,1): warning C4201: nonstandard extension used: nameless struct/union
Q:\Github\GAME3135_FinalProject\FinalProject\include\glm\detail\type_vec3.hpp(68,1): warning C4201: nonstandard extension used: nameless struct/union
Q:\Github\GAME3135_FinalProject\FinalProject\include\glm\detail\type_vec4.hpp(120,1): warning C4201: nonstandard extension used: nameless struct/union
Q:\Github\GAME3135_FinalProject\FinalProject\include\glm\detail\type_vec4.hpp(350): message : see reference to class template instantiation 'glm::tvec4<T,P>' being compiled
Q:\Github\GAME3135_FinalProject\FinalProject\include\glm\detail\type_vec4.hpp(121,1): warning C4201: nonstandard extension used: nameless struct/union
Q:\Github\GAME3135_FinalProject\FinalProject\include\glm\detail\type_vec4.hpp(122,1): warning C4201: nonstandard extension used: nameless struct/union
Q:\Github\GAME3135_FinalProject\FinalProject\SDL2 Template\MeshFile.cpp(64,66): warning C4267: 'argument': conversion from 'size_t' to 'GLshort', possible loss of data
Q:\Github\GAME3135_FinalProject\FinalProject\SDL2 Template\MeshFile.cpp(70,34): warning C4267: '=': conversion from 'size_t' to 'short', possible loss of data
Q:\Github\GAME3135_FinalProject\FinalProject\SDL2 Template\MeshFile.cpp(76,22): warning C4244: 'argument': conversion from 'int' to 'const _Ty', possible loss of data
          with
          [
              _Ty=GLushort
          ]
  SDL.cpp
  Shader.cpp
Q:\Github\GAME3135_FinalProject\FinalProject\include\glm\detail\type_vec2.hpp(66,1): warning C4201: nonstandard extension used: nameless struct/union
Q:\Github\GAME3135_FinalProject\FinalProject\include\glm\detail\type_vec2.hpp(229): message : see reference to class template instantiation 'glm::tvec2<T,P>' being compiled
Q:\Github\GAME3135_FinalProject\FinalProject\include\glm\detail\type_vec2.hpp(67,1): warning C4201: nonstandard extension used: nameless struct/union
Q:\Github\GAME3135_FinalProject\FinalProject\include\glm\detail\type_vec2.hpp(68,1): warning C4201: nonstandard extension used: nameless struct/union
Q:\Github\GAME3135_FinalProject\FinalProject\include\glm\detail\type_vec3.hpp(66,1): warning C4201: nonstandard extension used: nameless struct/union
Q:\Github\GAME3135_FinalProject\FinalProject\include\glm\detail\type_vec3.hpp(251): message : see reference to class template instantiation 'glm::tvec3<T,P>' being compiled
Q:\Github\GAME3135_FinalProject\FinalProject\include\glm\detail\type_vec3.hpp(67,1): warning C4201: nonstandard extension used: nameless struct/union
Q:\Github\GAME3135_FinalProject\FinalProject\include\glm\detail\type_vec3.hpp(68,1): warning C4201: nonstandard extension used: nameless struct/union
Q:\Github\GAME3135_FinalProject\FinalProject\include\glm\detail\type_vec4.hpp(120,1): warning C4201: nonstandard extension used: nameless struct/union
Q:\Github\GAME3135_FinalProject\FinalProject\include\glm\detail\type_vec4.hpp(350): message : see reference to class template instantiation 'glm::tvec4<T,P>' being compiled
Q:\Github\GAME3135_FinalProject\FinalProject\include\glm\detail\type_vec4.hpp(121,1): warning C4201: nonstandard extension used: nameless struct/union
Q:\Github\GAME3135_FinalProject\FinalProject\include\glm\detail\type_vec4.hpp(122,1): warning C4201: nonstandard extension used: nameless struct/union
  shader_source.cpp
Q:\Github\GAME3135_FinalProject\FinalProject\include\glm\detail\type_vec2.hpp(66,1): warning C4201: nonstandard extension used: nameless struct/union
Q:\Github\GAME3135_FinalProject\FinalProject\include\glm\detail\type_vec2.hpp(229): message : see reference to class template instantiation 'glm::tvec2<T,P>' being compiled
Q:\Github\GAME3135_FinalProject\FinalProject\include\glm\detail\type_vec2.hpp(67,1): warning C4201: nonstandard extension used: nameless struct/union
Q:\Github\GAME3135_FinalProject\FinalProject\include\glm\detail\type_vec2.hpp(68,1): warning C4201: nonstandard extension used: nameless struct/union
Q:\Github\GAME3135_FinalProject\FinalProject\include\glm\detail\type_vec3.hpp(66,1): warning C4201: nonstandard extension used: nameless struct/union
Q:\Github\GAME3135_FinalProject\FinalProject\include\glm\detail\type_vec3.hpp(251): message : see reference to class template instantiation 'glm::tvec3<T,P>' being compiled
Q:\Github\GAME3135_FinalProject\FinalProject\include\glm\detail\type_vec3.hpp(67,1): warning C4201: nonstandard extension used: nameless struct/union
Q:\Github\GAME3135_FinalProject\FinalProject\include\glm\detail\type_vec3.hpp(68,1): warning C4201: nonstandard extension used: nameless struct/union
Q:\Github\GAME3135_FinalProject\FinalProject\include\glm\detail\type_vec4.hpp(120,1): warning C4201: nonstandard extension used: nameless struct/union
Q:\Github\GAME3135_FinalProject\FinalProject\include\glm\detail\type_vec4.hpp(350): message : see reference to class template instantiation 'glm::tvec4<T,P>' being compiled
Q:\Github\GAME3135_FinalProject\FinalProject\include\glm\detail\type_vec4.hpp(121,1): warning C4201: nonstandard extension used: nameless struct/union
Q:\Github\GAME3135_FinalProject\FinalProject\include\glm\detail\type_vec4.hpp(122,1): warning C4201: nonstandard extension used: nameless struct/union
  Texture.cpp
Q:\Github\GAME3135_FinalProject\FinalProject\include\glm\detail\type_vec2.hpp(66,1): warning C4201: nonstandard extension used: nameless struct/union
Q:\Github\GAME3135_FinalProject\FinalProject\include\glm\detail\type_vec2.hpp(229): message : see reference to class template instantiation 'glm::tvec2<T,P>' being compiled
Q:\Github\GAME3135_FinalProject\FinalProject\include\glm\detail\type_vec2.hpp(67,1): warning C4201: nonstandard extension used: nameless struct/union
Q:\Github\GAME3135_FinalProject\FinalProject\include\glm\detail\type_vec2.hpp(68,1): warning C4201: nonstandard extension used: nameless struct/union
Q:\Github\GAME3135_FinalProject\FinalProject\include\glm\detail\type_vec3.hpp(66,1): warning C4201: nonstandard extension used: nameless struct/union
Q:\Github\GAME3135_FinalProject\FinalProject\include\glm\detail\type_vec3.hpp(251): message : see reference to class template instantiation 'glm::tvec3<T,P>' being compiled
Q:\Github\GAME3135_FinalProject\FinalProject\include\glm\detail\type_vec3.hpp(67,1): warning C4201: nonstandard extension used: nameless struct/union
Q:\Github\GAME3135_FinalProject\FinalProject\include\glm\detail\type_vec3.hpp(68,1): warning C4201: nonstandard extension used: nameless struct/union
Q:\Github\GAME3135_FinalProject\FinalProject\include\glm\detail\type_vec4.hpp(120,1): warning C4201: nonstandard extension used: nameless struct/union
Q:\Github\GAME3135_FinalProject\FinalProject\include\glm\detail\type_vec4.hpp(350): message : see reference to class template instantiation 'glm::tvec4<T,P>' being compiled
Q:\Github\GAME3135_FinalProject\FinalProject\include\glm\detail\type_vec4.hpp(121,1): warning C4201: nonstandard extension used: nameless struct/union
Q:\Github\GAME3135_FinalProject\FinalProject\include\glm\detail\type_vec4.hpp(122,1): warning C4201: nonstandard extension used: nameless struct/union
  Vertex.cpp
Q:\Github\GAME3135_FinalProject\FinalProject\include\glm\detail\type_vec2.hpp(66,1): warning C4201: nonstandard extension used: nameless struct/union
Q:\Github\GAME3135_FinalProject\FinalProject\include\glm\detail\type_vec2.hpp(229): message : see reference to class template instantiation 'glm::tvec2<T,P>' being compiled
Q:\Github\GAME3135_FinalProject\FinalProject\include\glm\detail\type_vec2.hpp(67,1): warning C4201: nonstandard extension used: nameless struct/union
Q:\Github\GAME3135_FinalProject\FinalProject\include\glm\detail\type_vec2.hpp(68,1): warning C4201: nonstandard extension used: nameless struct/union
Q:\Github\GAME3135_FinalProject\FinalProject\include\glm\detail\type_vec3.hpp(66,1): warning C4201: nonstandard extension used: nameless struct/union
Q:\Github\GAME3135_FinalProject\FinalProject\include\glm\detail\type_vec3.hpp(251): message : see reference to class template instantiation 'glm::tvec3<T,P>' being compiled
Q:\Github\GAME3135_FinalProject\FinalProject\include\glm\detail\type_vec3.hpp(67,1): warning C4201: nonstandard extension used: nameless struct/union
Q:\Github\GAME3135_FinalProject\FinalProject\include\glm\detail\type_vec3.hpp(68,1): warning C4201: nonstandard extension used: nameless struct/union
Q:\Github\GAME3135_FinalProject\FinalProject\include\glm\detail\type_vec4.hpp(120,1): warning C4201: nonstandard extension used: nameless struct/union
Q:\Github\GAME3135_FinalProject\FinalProject\include\glm\detail\type_vec4.hpp(350): message : see reference to class template instantiation 'glm::tvec4<T,P>' being compiled
Q:\Github\GAME3135_FinalProject\FinalProject\include\glm\detail\type_vec4.hpp(121,1): warning C4201: nonstandard extension used: nameless struct/union
Q:\Github\GAME3135_FinalProject\FinalProject\include\glm\detail\type_vec4.hpp(122,1): warning C4201: nonstandard extension used: nameless struct/union
Q:\Github\GAME3135_FinalProject\FinalProject\SDL2 Template\Vertex.cpp(15,56): warning C4100: 'kind': unreferenced formal parameter
Q:\Github\GAME3135_FinalProject\FinalProject\SDL2 Template\Vertex.cpp(15): message : while compiling class template member function '`anonymous-namespace'::Attribute<gl::Vertex>::Attribute(GLint,GLint,GLuint,GLenum)'
Q:\Github\GAME3135_FinalProject\FinalProject\SDL2 Template\Vertex.cpp(50): message : see reference to function template instantiation '`anonymous-namespace'::Attribute<gl::Vertex>::Attribute(GLint,GLint,GLuint,GLenum)' being compiled
Q:\Github\GAME3135_FinalProject\FinalProject\SDL2 Template\Vertex.cpp(50): message : see reference to class template instantiation '`anonymous-namespace'::Attribute<gl::Vertex>' being compiled
  Generating Code...
Buffer.obj : warning LNK4075: ignoring '/EDITANDCONTINUE' due to '/SAFESEH' specification
  SDL2 Template.vcxproj -> Q:\Github\GAME3135_FinalProject\FinalProject\Debug\SDL2 Template.exe
  Q:\Github\GAME3135_FinalProject\FinalProject\lib\x86\glew32.dll
  Q:\Github\GAME3135_FinalProject\FinalProject\lib\x86\SDL2.dll
  2 File(s) copied
  File not found - *.tga
  0 File(s) copied
  Q:\Github\GAME3135_FinalProject\FinalProject\SDL2 Template\layer_fragment.glsl
  Q:\Github\GAME3135_FinalProject\FinalProject\SDL2 Template\layer_vertex.glsl
  2 File(s) copied
  Q:\Github\GAME3135_FinalProject\FinalProject\SDL2 Template\cube.obj
  Q:\Github\GAME3135_FinalProject\FinalProject\SDL2 Template\icosa.obj
  Q:\Github\GAME3135_FinalProject\FinalProject\SDL2 Template\octo.obj
  Q:\Github\GAME3135_FinalProject\FinalProject\SDL2 Template\sphere.obj
  4 File(s) copied
